<?xml version="1.0" encoding="utf-8"?><testsuites name="pytest tests"><testsuite name="pytest" errors="0" failures="1" skipped="0" tests="104" time="25.370" timestamp="2026-05-13T08:44:56.077742+00:00" hostname="24d4f8ba1853"><testcase classname="tests.test_v051_backtest_artifacts" name="test_reporting_builders_emit_required_sections" time="0.013" /><testcase classname="tests.test_v051_benchmark_sanitization" name="test_evaluate_benchmark_strategies_sanitizes_nan_inputs" time="0.013" /><testcase classname="tests.test_v051_benchmark_sanitization" name="test_simple_rolling_hedge_uses_signed_net_energy_for_settlement" time="0.009" /><testcase classname="tests.test_v051_benchmark_sanitization" name="test_benchmark_strategies_use_real_15min_actual_need_when_available" time="0.008" /><testcase classname="tests.test_v051_contract_curve" name="test_contract_curve_conserves_weekly_energy" time="0.007" /><testcase classname="tests.test_v051_feasible_domain" name="test_compile_feasible_domain_tightens_bounds_by_policy_state" time="0.008" /><testcase classname="tests.test_v051_hourly_spot_activation" name="test_materialize_reports_hourly_spot_activation_columns" time="0.031" /><testcase classname="tests.test_v051_hourly_spot_experiments" name="test_build_hourly_spot_experiment_grid_respects_disabled_flag" time="0.000" /><testcase classname="tests.test_v051_hourly_spot_experiments" name="test_build_hourly_spot_experiment_grid_expands_values" time="0.000" /><testcase classname="tests.test_v051_hourly_spot_experiments" name="test_summarize_hourly_spot_guardrails_marks_passed_candidate" time="0.004" /><testcase classname="tests.test_v051_hourly_spot_experiments" name="test_summarize_hourly_spot_guardrails_requires_schema" time="0.001" /><testcase classname="tests.test_v051_hpso_param_config" name="test_config_uses_hybrid_pso" time="0.043" /><testcase classname="tests.test_v051_hpso_param_config" name="test_sections_are_normalized" time="0.029" /><testcase classname="tests.test_v051_hpso_param_config" name="test_runtime_sections_include_hybrid_optimizer_and_score_kernel" time="0.029" /><testcase classname="tests.test_v051_hybrid_pso_progress" name="test_train_hybrid_pso_model_emits_iteration_progress" time="0.043" /><testcase classname="tests.test_v051_layout_consistency" name="test_materialize_particle_pair_matches_score_kernel_aggregate" time="0.030" /><testcase classname="tests.test_v051_market_constraints.MarketRuleConstraintsTest" name="test_constraints_include_core_market_rule_mappings" time="1.956" /><testcase classname="tests.test_v051_market_constraints.MarketRuleConstraintsTest" name="test_markdown_report_is_human_readable_and_source_backed" time="0.003" /><testcase classname="tests.test_v051_market_constraints.MarketRuleConstraintsTest" name="test_policy_alignment_keeps_effective_dates_from_leaking_forward" time="0.065" /><testcase classname="tests.test_v051_metrics_guardrail" name="test_summarize_rolling_excess_return_emits_guardrail_statistics" time="0.006" /><testcase classname="tests.test_v051_pdf_abstract_body_extraction" name="test_v051_tei_extracts_abstract_paragraphs_in_order" time="0.001" /><testcase classname="tests.test_v051_pdf_abstract_body_extraction" name="test_v051_tei_extracts_body_titles_and_paragraphs" time="0.001" /><testcase classname="tests.test_v051_pdf_abstract_body_extraction" name="test_v051_tei_excludes_back_matter_and_bibliography" time="0.000" /><testcase classname="tests.test_v051_pdf_abstract_body_extraction" name="test_v051_clean_text_keeps_content_and_removes_basic_noise" time="0.000" /><testcase classname="tests.test_v051_pdf_abstract_body_extraction" name="test_v051_safe_stems_disambiguate_duplicate_pdf_names" time="0.002" /><testcase classname="tests.test_v051_pdf_abstract_body_extraction" name="test_v051_cli_pymupdf_mode_writes_records_and_report" time="0.001"><failure message="ModuleNotFoundError: No module named 'fitz'">tmp_path = PosixPath('/research/elec_remote_runs/v0.51/jupyter-20260513T083916Z/project/.cache/tests/pytest/tmp/test_v051_cli_pymupdf_mode_wri0')

    #x1B[0m#x1B[94mdef#x1B[39;49;00m#x1B[90m #x1B[39;49;00m#x1B[92mtest_v051_cli_pymupdf_mode_writes_records_and_report#x1B[39;49;00m(tmp_path):#x1B[90m#x1B[39;49;00m
&gt;       #x1B[94mimport#x1B[39;49;00m#x1B[90m #x1B[39;49;00m#x1B[04m#x1B[96mfitz#x1B[39;49;00m#x1B[90m#x1B[39;49;00m
#x1B[1m#x1B[31mE       ModuleNotFoundError: No module named 'fitz'#x1B[0m

#x1B[1m#x1B[31mtests/test_v051_pdf_abstract_body_extraction.py#x1B[0m:118: ModuleNotFoundError</failure></testcase><testcase classname="tests.test_v051_prepare_context" name="test_manifest_key_output_merge_preserves_full_pipeline_outputs" time="0.001" /><testcase classname="tests.test_v051_prepare_context" name="test_prepare_project_context_exports_manifests_and_audits" time="6.451" /><testcase classname="tests.test_v051_projection" name="test_project_weekly_actions_clips_raw_values_and_records_gap" time="0.000" /><testcase classname="tests.test_v051_relative_project_paths" name="test_runtime_config_resolves_project_relative_paths" time="0.029" /><testcase classname="tests.test_v051_relative_project_paths" name="test_prepare_project_context_exports_project_relative_paths" time="6.207" /><testcase classname="tests.test_v051_remote_jupyter_runner" name="test_source_archive_excludes_local_outputs_caches_git_and_secret_files" time="0.004" /><testcase classname="tests.test_v051_remote_jupyter_runner" name="test_remote_execution_code_runs_pipeline_then_pytest_and_emits_result_marker" time="0.002" /><testcase classname="tests.test_v051_remote_jupyter_runner" name="test_default_download_dir_is_versioned_remote_jupyter_subdirectory" time="0.000" /><testcase classname="tests.test_v051_remote_jupyter_runner" name="test_sync_pulled_outputs_replaces_local_formal_outputs_and_keeps_remote_history" time="0.015" /><testcase classname="tests.test_v051_remote_jupyter_runner" name="test_connection_config_reads_secret_from_env_without_leaking_repr" time="0.001" /><testcase classname="tests.test_v051_remote_jupyter_runner" name="test_connection_config_requires_password_or_token" time="0.001" /><testcase classname="tests.test_v051_remote_jupyter_runner" name="test_default_http_timeout_allows_large_archive_uploads" time="0.001" /><testcase classname="tests.test_v051_remote_jupyter_runner" name="test_local_output_sync_is_enabled_by_default_and_can_be_disabled" time="0.002" /><testcase classname="tests.test_v051_remote_jupyter_runner" name="test_extract_kernel_names_from_jupyter_kernelspec_payload" time="0.000" /><testcase classname="tests.test_v051_remote_jupyter_runner" name="test_build_probe_code_embeds_remote_env_without_format_errors" time="0.001" /><testcase classname="tests.test_v051_remote_jupyter_runner" name="test_remote_python_resolver_includes_research_miniforge_env_path" time="0.000" /><testcase classname="tests.test_v051_remote_jupyter_runner" name="test_parse_probe_result_reads_probe_marker" time="0.000" /><testcase classname="tests.test_v051_remote_jupyter_runner" name="test_gitignore_keeps_local_jupyter_credentials_untracked" time="0.000" /><testcase classname="tests.test_v051_remote_jupyter_runner" name="test_root_remote_jupyter_script_delegates_to_module_dry_run" time="0.114" /><testcase classname="tests.test_v051_remote_jupyter_runner" name="test_powershell_remote_jupyter_launcher_is_one_click_safe" time="0.001" /><testcase classname="tests.test_v051_repo_cleanup" name="test_legacy_mainline_modules_are_removed" time="0.002" /><testcase classname="tests.test_v051_repo_cleanup" name="test_active_tests_use_current_version_prefix" time="0.001" /><testcase classname="tests.test_v051_repo_cleanup" name="test_tests_directory_does_not_contain_doc_files" time="0.002" /><testcase classname="tests.test_v051_repo_cleanup" name="test_param_opt_experiment_configs_are_not_active" time="0.001" /><testcase classname="tests.test_v051_repo_cleanup" name="test_obsolete_outputs_are_not_active" time="0.001" /><testcase classname="tests.test_v051_repo_cleanup" name="test_experiment_override_test_is_not_active" time="0.001" /><testcase classname="tests.test_v051_repo_cleanup" name="test_pycache_is_ignored" time="0.001" /><testcase classname="tests.test_v051_repo_cleanup" name="test_experiment_readme_marks_v045_param_opt_as_archived" time="0.001" /><testcase classname="tests.test_v051_repo_cleanup" name="test_requirements_do_not_keep_legacy_training_stack" time="0.001" /><testcase classname="tests.test_v051_repo_cleanup" name="test_current_architecture_doc_exists" time="0.000" /><testcase classname="tests.test_v051_repo_cleanup" name="test_legacy_docs_are_not_active" time="0.001" /><testcase classname="tests.test_v051_repo_cleanup" name="test_current_output_dir_does_not_keep_transitional_version_labels" time="0.002" /><testcase classname="tests.test_v051_repo_cleanup" name="test_active_docs_do_not_describe_legacy_training_stack" time="0.005" /><testcase classname="tests.test_v051_reporting_contracts" name="test_run_pipeline_emits_current_integrated_version_report" time="0.054" /><testcase classname="tests.test_v051_reporting_contracts" name="test_excess_return_summary_does_not_label_partial_wins_as_persistent" time="0.002" /><testcase classname="tests.test_v051_reporting_contracts" name="test_build_hourly_spot_activation_summary_reports_nonzero_hours" time="0.001" /><testcase classname="tests.test_v051_review_fixes" name="test_materialized_settlement_uses_real_15min_actual_need" time="0.028" /><testcase classname="tests.test_v051_review_fixes" name="test_materialized_weekly_results_expose_required_lock_ratio_fields" time="0.027" /><testcase classname="tests.test_v051_review_fixes" name="test_policy_state_trace_keeps_inside_week_rules_forward_until_next_decision" time="0.015" /><testcase classname="tests.test_v051_review_fixes" name="test_feasible_domain_prefers_policy_trace_when_weekly_metadata_already_has_policy_columns" time="0.005" /><testcase classname="tests.test_v051_review_fixes" name="test_disabled_llm_candidate_parser_ignores_stale_cache" time="0.001" /><testcase classname="tests.test_v051_review_fixes" name="test_policy_document_units_include_source_text_not_only_rule_notes" time="0.007" /><testcase classname="tests.test_v051_review_fixes" name="test_linked_lt_price_effective_value_feeds_training_tensor" time="0.022" /><testcase classname="tests.test_v051_robustness" name="test_run_robustness_analysis_emits_scenario_rows" time="0.009" /><testcase classname="tests.test_v051_robustness" name="test_run_robustness_analysis_can_rerun_settlement_scenarios" time="0.010" /><testcase classname="tests.test_v051_rolling_hedge_causal" name="test_causal_rolling_hedge_does_not_require_realized_intraday_columns" time="0.009" /><testcase classname="tests.test_v051_run_all_progress" name="test_read_status_snapshot_returns_defaults_for_missing_file" time="0.001" /><testcase classname="tests.test_v051_run_all_progress" name="test_read_status_snapshot_loads_json_payload" time="0.001" /><testcase classname="tests.test_v051_run_all_progress" name="test_format_progress_line_includes_stage_progress_and_resources" time="0.000" /><testcase classname="tests.test_v051_run_all_progress" name="test_run_pipeline_honors_runtime_status_env" time="0.013" /><testcase classname="tests.test_v051_run_all_progress" name="test_run_train_persists_hybrid_pso_iteration_progress" time="0.003" /><testcase classname="tests.test_v051_run_all_script.RunAllScriptTest" name="test_python_dry_run_reports_pipeline_command" time="0.069" /><testcase classname="tests.test_v051_run_all_script.RunAllScriptTest" name="test_python_entrypoint_exists_and_windows_wrappers_are_removed" time="0.001" /><testcase classname="tests.test_v051_run_all_script.RunAllScriptTest" name="test_python_resolver_supports_remote_linux_miniforge_env" time="0.006" /><testcase classname="tests.test_v051_run_all_script.RunAllScriptTest" name="test_shell_wrapper_delegates_to_python_entrypoint" time="0.149" /><testcase classname="tests.test_v051_run_pytest_script" name="test_build_pytest_args_routes_cache_tmp_and_results_to_single_directory" time="0.004" /><testcase classname="tests.test_v051_run_pytest_script" name="test_run_pytest_cleans_artifacts_on_success" time="0.002" /><testcase classname="tests.test_v051_run_pytest_script" name="test_run_pytest_uses_fallback_cleanup_when_primary_cleanup_fails" time="0.002" /><testcase classname="tests.test_v051_run_pytest_script" name="test_run_pytest_keeps_artifacts_on_failure" time="0.001" /><testcase classname="tests.test_v051_run_pytest_script" name="test_invoke_pytest_uses_subprocess_with_pytest_module_and_no_bytecode_env" time="0.001" /><testcase classname="tests.test_v051_run_pytest_script" name="test_run_pytest_cleans_test_bytecode_before_and_after_execution" time="0.001" /><testcase classname="tests.test_v051_score_kernel" name="test_batch_score_particles_projects_actions_into_feasible_domain" time="0.030" /><testcase classname="tests.test_v051_score_kernel" name="test_batch_score_particles_consumes_score_kernel_coefficients_from_config" time="0.024" /><testcase classname="tests.test_v051_score_kernel" name="test_signed_spot_hedge_reduces_scheduled_energy_when_negative" time="0.027" /><testcase classname="tests.test_v051_score_kernel" name="test_hourly_no_trade_gate_suppresses_small_signals" time="0.025" /><testcase classname="tests.test_v051_score_kernel" name="test_hourly_score_kernel_uses_lagged_decision_signals" time="0.023" /><testcase classname="tests.test_v051_score_kernel" name="test_contract_curve_changes_interval_procurement_cost" time="0.034" /><testcase classname="tests.test_v051_score_kernel" name="test_reward_uses_best_profit_from_baseline_position_family" time="0.024" /><testcase classname="tests.test_v051_score_kernel" name="test_baseline_position_family_broadcasts_across_particle_pairs" time="0.024" /><testcase classname="tests.test_v051_score_kernel" name="test_hourly_hedge_uses_projected_exposure_floor_for_limit" time="0.023" /><testcase classname="tests.test_v051_state_schema" name="test_build_weekly_bundle_emits_state_columns" time="0.148" /><testcase classname="tests.test_v051_state_schema" name="test_prepare_project_context_exports_raw_schema_inputs_without_user_reports" time="6.973" /><testcase classname="tests.test_v051_state_schema" name="test_agent_feature_manifest_excludes_current_week_realized_fields" time="0.003" /><testcase classname="tests.test_v051_versioning" name="test_load_project_version_reads_root_config" time="0.030" /><testcase classname="tests.test_v051_versioning" name="test_build_test_prefix_normalizes_dotted_version" time="0.000" /><testcase classname="tests.test_v051_versioning" name="test_build_test_filename_uses_current_project_version" time="0.001" /><testcase classname="tests.test_v051_versioning" name="test_build_report_filenames_use_project_version" time="0.001" /><testcase classname="tests.test_v051_weekly_builder" name="test_build_weekly_bundle_marks_post_2026_02_lt_price_proxy_switch" time="0.148" /></testsuite></testsuites>